# JRE version: Java(TM) SE Runtime Environment (11.0.2+9) (build 11.0.2+9-LTS)
# Java VM: Java HotSpot(TM) 64-Bit Server VM (11.0.2+9-LTS, mixed mode, tiered, compressed oops, g1 gc, linux-amd64)
Heap:
 garbage-first heap   total 262144K, used 131982K [0x00000000e0000000, 0x0000000100000000)
  region size 1024K, 29 young (29696K), 5 survivors (5120K)
 Metaspace       used 80692K, capacity 83593K, committed 83840K, reserved 327680K
  class space    used 9958K, capacity 10877K, committed 10880K, reserved 253952K
GC Heap History (10 events):
Event: 11.601 GC heap before
{Heap before GC invocations=11 (full 0):
 garbage-first heap   total 262144K, used 159984K [0x00000000e0000000, 0x0000000100000000)
  region size 1024K, 109 young (111616K), 9 survivors (9216K)
 Metaspace       used 71656K, capacity 74020K, committed 74240K, reserved 319488K
  class space    used 9155K, capacity 9914K, committed 9984K, reserved 253952K
}
Event: 11.627 GC heap after
{Heap after GC invocations=12 (full 0):
 garbage-first heap   total 262144K, used 76779K [0x00000000e0000000, 0x0000000100000000)
  region size 1024K, 14 young (14336K), 14 survivors (14336K)
 Metaspace       used 71656K, capacity 74020K, committed 74240K, reserved 319488K
  class space    used 9155K, capacity 9914K, committed 9984K, reserved 253952K
}
Event: 13.150 GC heap before
{Heap before GC invocations=12 (full 0):
 garbage-first heap   total 262144K, used 168939K [0x00000000e0000000, 0x0000000100000000)
  region size 1024K, 105 young (107520K), 14 survivors (14336K)
 Metaspace       used 74469K, capacity 76890K, committed 77184K, reserved 321536K
  class space    used 9483K, capacity 10283K, committed 10368K, reserved 253952K
}
Event: 13.177 GC heap after
{Heap after GC invocations=13 (full 0):
 garbage-first heap   total 262144K, used 87110K [0x00000000e0000000, 0x0000000100000000)
  region size 1024K, 9 young (9216K), 9 survivors (9216K)
 Metaspace       used 74469K, capacity 76890K, committed 77184K, reserved 321536K
  class space    used 9483K, capacity 10283K, committed 10368K, reserved 253952K
}
Event: 14.192 GC heap before
{Heap before GC invocations=13 (full 0):
 garbage-first heap   total 262144K, used 178246K [0x00000000e0000000, 0x0000000100000000)
  region size 1024K, 99 young (101376K), 9 survivors (9216K)
 Metaspace       used 75121K, capacity 77523K, committed 77696K, reserved 321536K
  class space    used 9518K, capacity 10308K, committed 10368K, reserved 253952K
}
Event: 14.210 GC heap after
{Heap after GC invocations=14 (full 0):
 garbage-first heap   total 262144K, used 94369K [0x00000000e0000000, 0x0000000100000000)
  region size 1024K, 9 young (9216K), 9 survivors (9216K)
 Metaspace       used 75121K, capacity 77523K, committed 77696K, reserved 321536K
  class space    used 9518K, capacity 10308K, committed 10368K, reserved 253952K
}
Event: 143.265 GC heap before
{Heap before GC invocations=14 (full 0):
 garbage-first heap   total 262144K, used 186529K [0x00000000e0000000, 0x0000000100000000)
  region size 1024K, 99 young (101376K), 9 survivors (9216K)
 Metaspace       used 79927K, capacity 82651K, committed 82816K, reserved 327680K
  class space    used 9905K, capacity 10788K, committed 10880K, reserved 253952K
}
Event: 143.320 GC heap after
{Heap after GC invocations=15 (full 0):
 garbage-first heap   total 262144K, used 105221K [0x00000000e0000000, 0x0000000100000000)
  region size 1024K, 13 young (13312K), 13 survivors (13312K)
 Metaspace       used 79927K, capacity 82651K, committed 82816K, reserved 327680K
  class space    used 9905K, capacity 10788K, committed 10880K, reserved 253952K
}
Event: 163.701 GC heap before
{Heap before GC invocations=15 (full 0):
 garbage-first heap   total 262144K, used 191237K [0x00000000e0000000, 0x0000000100000000)
  region size 1024K, 98 young (100352K), 13 survivors (13312K)
 Metaspace       used 80356K, capacity 83102K, committed 83328K, reserved 327680K
  class space    used 9928K, capacity 10823K, committed 10880K, reserved 253952K
}
Event: 163.724 GC heap after
{Heap after GC invocations=16 (full 0):
 garbage-first heap   total 262144K, used 108430K [0x00000000e0000000, 0x0000000100000000)
  region size 1024K, 5 young (5120K), 5 survivors (5120K)
 Metaspace       used 80356K, capacity 83102K, committed 83328K, reserved 327680K
  class space    used 9928K, capacity 10823K, committed 10880K, reserved 253952K
}

